This file contains any messages produced by compilers while
running configure, to aid debugging if configure makes a mistake.

configure:587: checking LIBRARY_PATH variable
configure:612: checking GCC_EXEC_PREFIX variable
configure:949: checking host system type
configure:970: checking target system type
configure:988: checking build system type
configure:1015: checking for gcc
configure:1128: checking whether the C compiler (gcc  ) works
configure:1144: gcc -o conftest    conftest.c  1>&5
configure:1141:1: warning: return type defaults to 'int' [-Wimplicit-int]
 1141 | main(){return(0);}
      | ^~~~
configure:1170: checking whether the C compiler (gcc  ) is a cross-compiler
configure:1175: checking whether we are using GNU C
configure:1184: gcc -E conftest.c
configure:1203: checking whether gcc accepts -g
configure:1246: checking whether make sets ${MAKE}
configure:1274: checking whether a default assembler was specified
configure:1286: checking whether a default linker was specified
configure:1303: checking for mawk
configure:1335: checking for flex
configure:1369: checking for yywrap in -ll
configure:1388: gcc -o conftest -g -O2   conftest.c -ll   1>&5
/usr/bin/ld: cannot find -ll
collect2: error: ld returned 1 exit status
configure: failed program was:
#line 1377 "configure"
#include "confdefs.h"
/* Override any gcc2 internal prototype to avoid an error.  */
/* We use char because int might match the return type of a gcc2
    builtin and then its argument prototype would still apply.  */
char yywrap();

int main() {
yywrap()
; return 0; }
configure:1411: checking whether ln works
configure:1443: checking whether ln -s works
configure:1475: checking for volatile
configure:1487: gcc -c -g -O2  conftest.c 1>&5
configure:1510: checking for ranlib
configure:1542: checking for bison
configure:1542: checking for byacc
configure:1583: checking for a BSD compatible install
configure:1634: checking how to run the C preprocessor
configure:1655: gcc -E  conftest.c >/dev/null 2>conftest.out
configure:1714: checking for ANSI C header files
configure:1727: gcc -E  conftest.c >/dev/null 2>conftest.out
configure:1794: gcc -o conftest -g -O2   conftest.c  1>&5
configure: In function 'main':
configure:1789:67: warning: implicit declaration of function 'exit' [-Wimplicit-function-declaration]
 1789 | if (XOR (islower (i), ISLOWER (i)) || toupper (i) != TOUPPER (i)) exit(2);
      |                                                                   ^~~~
configure:1789:67: warning: incompatible implicit declaration of built-in function 'exit'
configure:1785:1: note: include '<stdlib.h>' or provide a declaration of 'exit'
 1784 | #include <ctype.h>
  +++ |+#include <stdlib.h>
 1785 | #define ISLOWER(c) ('a' <= (c) && (c) <= 'z')
configure:1790:1: warning: incompatible implicit declaration of built-in function 'exit'
 1790 | exit (0); }
      | ^~~~
configure:1790:1: note: include '<stdlib.h>' or provide a declaration of 'exit'
configure:1818: checking whether time.h and sys/time.h may both be included
configure:1832: gcc -c -g -O2  conftest.c 1>&5
configure:1853: checking whether string.h and strings.h may both be included
configure:1866: gcc -c -g -O2  conftest.c 1>&5
configure:1887: checking for sys/wait.h that is POSIX.1 compatible
configure:1908: gcc -c -g -O2  conftest.c 1>&5
configure:1932: checking for limits.h
configure:1942: gcc -E  conftest.c >/dev/null 2>conftest.out
configure:1932: checking for stddef.h
configure:1942: gcc -E  conftest.c >/dev/null 2>conftest.out
configure:1932: checking for string.h
configure:1942: gcc -E  conftest.c >/dev/null 2>conftest.out
configure:1932: checking for strings.h
configure:1942: gcc -E  conftest.c >/dev/null 2>conftest.out
configure:1932: checking for stdlib.h
configure:1942: gcc -E  conftest.c >/dev/null 2>conftest.out
configure:1932: checking for time.h
configure:1942: gcc -E  conftest.c >/dev/null 2>conftest.out
configure:1932: checking for fcntl.h
configure:1942: gcc -E  conftest.c >/dev/null 2>conftest.out
configure:1932: checking for unistd.h
configure:1942: gcc -E  conftest.c >/dev/null 2>conftest.out
configure:1932: checking for stab.h
configure:1942: gcc -E  conftest.c >/dev/null 2>conftest.out
configure:1932: checking for sys/file.h
configure:1942: gcc -E  conftest.c >/dev/null 2>conftest.out
configure:1932: checking for sys/time.h
configure:1942: gcc -E  conftest.c >/dev/null 2>conftest.out
configure:1932: checking for sys/resource.h
configure:1942: gcc -E  conftest.c >/dev/null 2>conftest.out
configure:1932: checking for sys/param.h
configure:1942: gcc -E  conftest.c >/dev/null 2>conftest.out
configure:1932: checking for sys/times.h
configure:1942: gcc -E  conftest.c >/dev/null 2>conftest.out
configure:1932: checking for sys/stat.h
configure:1942: gcc -E  conftest.c >/dev/null 2>conftest.out
configure:1972: checking for thread.h
configure:1982: gcc -E  conftest.c >/dev/null 2>conftest.out
configure:1978:10: fatal error: thread.h: No such file or directory
 1978 | #include <thread.h>
      |          ^~~~~~~~~~
compilation terminated.
configure: failed program was:
#line 1977 "configure"
#include "confdefs.h"
#include <thread.h>
configure:2006: checking for pthread.h
configure:2016: gcc -E  conftest.c >/dev/null 2>conftest.out
configure:2043: checking for gnatbind
configure:2074: checking whether cpp understands the stringify operator
configure:2087: gcc -c -g -O2  conftest.c 1>&5
configure:2110: checking for inttypes.h
configure:2123: gcc -c -g -O2  conftest.c 1>&5
configure:2149: checking for strtoul
configure:2177: gcc -o conftest -g -O2   conftest.c  1>&5
configure:2149: checking for bsearch
configure:2177: gcc -o conftest -g -O2   conftest.c  1>&5
configure:2149: checking for strerror
configure:2177: gcc -o conftest -g -O2   conftest.c  1>&5
configure:2149: checking for putenv
configure:2177: gcc -o conftest -g -O2   conftest.c  1>&5
configure:2149: checking for popen
configure:2177: gcc -o conftest -g -O2   conftest.c  1>&5
configure:2149: checking for bcopy
configure:2177: gcc -o conftest -g -O2   conftest.c  1>&5
configure:2161:6: warning: conflicting types for built-in function 'bcopy'; expected 'void(const void *, void *, long unsigned int)' [-Wbuiltin-declaration-mismatch]
 2161 | char $ac_func();
      |      ^~~~~
configure:2149: checking for bzero
configure:2177: gcc -o conftest -g -O2   conftest.c  1>&5
configure:2161:6: warning: conflicting types for built-in function 'bzero'; expected 'void(void *, long unsigned int)' [-Wbuiltin-declaration-mismatch]
 2161 | char $ac_func();
      |      ^~~~~
configure:2149: checking for bcmp
configure:2177: gcc -o conftest -g -O2   conftest.c  1>&5
configure:2161:6: warning: conflicting types for built-in function 'bcmp'; expected 'int(const void *, const void *, long unsigned int)' [-Wbuiltin-declaration-mismatch]
 2161 | char $ac_func();
      |      ^~~~
configure:2149: checking for index
configure:2177: gcc -o conftest -g -O2   conftest.c  1>&5
configure:2161:6: warning: conflicting types for built-in function 'index'; expected 'char *(const char *, int)' [-Wbuiltin-declaration-mismatch]
 2161 | char $ac_func();
      |      ^~~~~
configure:2149: checking for rindex
configure:2177: gcc -o conftest -g -O2   conftest.c  1>&5
configure:2161:6: warning: conflicting types for built-in function 'rindex'; expected 'char *(const char *, int)' [-Wbuiltin-declaration-mismatch]
 2161 | char $ac_func();
      |      ^~~~~~
configure:2149: checking for strchr
configure:2177: gcc -o conftest -g -O2   conftest.c  1>&5
configure:2161:6: warning: conflicting types for built-in function 'strchr'; expected 'char *(const char *, int)' [-Wbuiltin-declaration-mismatch]
 2161 | char $ac_func();
      |      ^~~~~~
configure:2158:1: note: 'strchr' is declared in header '<string.h>'
 2157 | #include <assert.h>
  +++ |+#include <string.h>
 2158 | /* Override any gcc2 internal prototype to avoid an error.  */
configure:2149: checking for strrchr
configure:2177: gcc -o conftest -g -O2   conftest.c  1>&5
configure:2161:6: warning: conflicting types for built-in function 'strrchr'; expected 'char *(const char *, int)' [-Wbuiltin-declaration-mismatch]
 2161 | char $ac_func();
      |      ^~~~~~~
configure:2158:1: note: 'strrchr' is declared in header '<string.h>'
 2157 | #include <assert.h>
  +++ |+#include <string.h>
 2158 | /* Override any gcc2 internal prototype to avoid an error.  */
configure:2149: checking for kill
configure:2177: gcc -o conftest -g -O2   conftest.c  1>&5
configure:2149: checking for getrlimit
configure:2177: gcc -o conftest -g -O2   conftest.c  1>&5
configure:2149: checking for setrlimit
configure:2177: gcc -o conftest -g -O2   conftest.c  1>&5
configure:2149: checking for atoll
configure:2177: gcc -o conftest -g -O2   conftest.c  1>&5
configure:2149: checking for atoq
configure:2177: gcc -o conftest -g -O2   conftest.c  1>&5
/usr/bin/ld: /tmp/ccQkWvDl.o: in function `main':
/mnt/c/decomps/agbcc/gcc_arm/configure:2171: undefined reference to `atoq'
collect2: error: ld returned 1 exit status
configure: failed program was:
#line 2154 "configure"
#include "confdefs.h"
/* System header to define __stub macros and hopefully few prototypes,
    which can conflict with char atoq(); below.  */
#include <assert.h>
/* Override any gcc2 internal prototype to avoid an error.  */
/* We use char because int might match the return type of a gcc2
    builtin and then its argument prototype would still apply.  */
char atoq();

int main() {

/* The GNU C library defines this for functions which it implements
    to always fail with ENOSYS.  Some functions are actually named
    something starting with __ and the normal name is an alias.  */
#if defined (__stub_atoq) || defined (__stub___atoq)
choke me
#else
atoq();
#endif

; return 0; }
configure:2149: checking for sysconf
configure:2177: gcc -o conftest -g -O2   conftest.c  1>&5
configure:2149: checking for isascii
configure:2177: gcc -o conftest -g -O2   conftest.c  1>&5
configure:2161:6: warning: conflicting types for built-in function 'isascii'; expected 'int(int)' [-Wbuiltin-declaration-mismatch]
 2161 | char $ac_func();
      |      ^~~~~~~
configure:2149: checking for gettimeofday
configure:2177: gcc -o conftest -g -O2   conftest.c  1>&5
configure:2149: checking for strsignal
configure:2177: gcc -o conftest -g -O2   conftest.c  1>&5
configure:2149: checking for putc_unlocked
configure:2177: gcc -o conftest -g -O2   conftest.c  1>&5
configure:2161:6: warning: conflicting types for built-in function 'putc_unlocked'; expected 'int(int,  void *)' [-Wbuiltin-declaration-mismatch]
 2161 | char $ac_func();
      |      ^~~~~~~~~~~  
configure:2149: checking for fputc_unlocked
configure:2177: gcc -o conftest -g -O2   conftest.c  1>&5
configure:2161:6: warning: conflicting types for built-in function 'fputc_unlocked'; expected 'int(int,  void *)' [-Wbuiltin-declaration-mismatch]
 2161 | char $ac_func();
      |      ^~~~~~~~~~~   
configure:2149: checking for fputs_unlocked
configure:2177: gcc -o conftest -g -O2   conftest.c  1>&5
configure:2161:6: warning: conflicting types for built-in function 'fputs_unlocked'; expected 'int(const char *, void *)' [-Wbuiltin-declaration-mismatch]
 2161 | char $ac_func();
      |      ^~~~~~~~~~~   
configure:2206: checking for vprintf
configure:2234: gcc -o conftest -g -O2   conftest.c  1>&5
configure:2218:6: warning: conflicting types for built-in function 'vprintf'; expected 'int(const char *, __va_list_tag *)' [-Wbuiltin-declaration-mismatch]
 2218 | char vprintf();
      |      ^~~~~~~
configure:2215:1: note: 'vprintf' is declared in header '<stdio.h>'
 2214 | #include <assert.h>
  +++ |+#include <stdio.h>
 2215 | /* Override any gcc2 internal prototype to avoid an error.  */
configure:2322: checking whether the printf functions support %p
configure:2343: gcc -o conftest -g -O2   conftest.c  1>&5
configure:2333:1: warning: return type defaults to 'int' [-Wimplicit-int]
 2333 | main()
      | ^~~~
configure: In function 'main':
configure:2339:3: warning: implicit declaration of function 'exit' [-Wimplicit-function-declaration]
 2339 |   exit (p != q);
      |   ^~~~
configure:2339:3: warning: incompatible implicit declaration of built-in function 'exit'
configure:2332:1: note: include '<stdlib.h>' or provide a declaration of 'exit'
 2331 | #include <stdio.h>
  +++ |+#include <stdlib.h>
 2332 | 
configure:2367: checking for pid_t
configure:2401: checking for vfork.h
configure:2411: gcc -E  conftest.c >/dev/null 2>conftest.out
configure:2407:10: fatal error: vfork.h: No such file or directory
 2407 | #include <vfork.h>
      |          ^~~~~~~~~
compilation terminated.
configure: failed program was:
#line 2406 "configure"
#include "confdefs.h"
#include <vfork.h>
configure:2436: checking for working vfork
configure:2587: gcc -o conftest -g -O2   conftest.c  1>&5
configure:2513:1: warning: return type defaults to 'int' [-Wimplicit-int]
 2513 | sparc_address_test (arg) int arg;
      | ^~~~~~~~~~~~~~~~~~
configure:2530:1: warning: return type defaults to 'int' [-Wimplicit-int]
 2530 | main() {
      | ^~~~
configure: In function 'main':
configure:2568:12: warning: implicit declaration of function 'wait' [-Wimplicit-function-declaration]
 2568 |     while (wait(&status) != child)
      |            ^~~~
configure:2570:5: warning: implicit declaration of function 'exit' [-Wimplicit-function-declaration]
 2570 |     exit(
      |     ^~~~
configure:2570:5: warning: incompatible implicit declaration of built-in function 'exit'
configure:2499:1: note: include '<stdlib.h>' or provide a declaration of 'exit'
 2498 | #include <unistd.h>
  +++ |+#include <stdlib.h>
 2499 | #endif
configure: In function 'sparc_address_test':
configure:2525:7: warning: ignoring return value of 'write', declared with attribute warn_unused_result [-Wunused-result]
 2525 |       write(-1, "", 0);
      |       ^~~~~~~~~~~~~~~~
configure:2615: checking whether malloc must be declared
configure:2653: gcc -c -g -O2  conftest.c 1>&5
configure:2615: checking whether realloc must be declared
configure:2653: gcc -c -g -O2  conftest.c 1>&5
configure:2615: checking whether calloc must be declared
configure:2653: gcc -c -g -O2  conftest.c 1>&5
configure:2615: checking whether free must be declared
configure:2653: gcc -c -g -O2  conftest.c 1>&5
configure:2615: checking whether bcopy must be declared
configure:2653: gcc -c -g -O2  conftest.c 1>&5
configure:2615: checking whether bzero must be declared
configure:2653: gcc -c -g -O2  conftest.c 1>&5
configure:2615: checking whether bcmp must be declared
configure:2653: gcc -c -g -O2  conftest.c 1>&5
configure:2615: checking whether index must be declared
configure:2653: gcc -c -g -O2  conftest.c 1>&5
configure:2615: checking whether rindex must be declared
configure:2653: gcc -c -g -O2  conftest.c 1>&5
configure:2615: checking whether getenv must be declared
configure:2653: gcc -c -g -O2  conftest.c 1>&5
configure:2615: checking whether atol must be declared
configure:2653: gcc -c -g -O2  conftest.c 1>&5
configure:2615: checking whether sbrk must be declared
configure:2653: gcc -c -g -O2  conftest.c 1>&5
configure:2615: checking whether abort must be declared
configure:2653: gcc -c -g -O2  conftest.c 1>&5
configure:2615: checking whether atof must be declared
configure:2653: gcc -c -g -O2  conftest.c 1>&5
configure:2615: checking whether strerror must be declared
configure:2653: gcc -c -g -O2  conftest.c 1>&5
configure:2615: checking whether getcwd must be declared
configure:2653: gcc -c -g -O2  conftest.c 1>&5
configure:2615: checking whether getwd must be declared
configure:2653: gcc -c -g -O2  conftest.c 1>&5
configure: In function 'main':
configure:2650:1: warning: 'getwd' is deprecated [-Wdeprecated-declarations]
 2650 | ; return 0; }
      | ^
In file included from /usr/include/features.h:461,
                 from /usr/include/x86_64-linux-gnu/bits/libc-header-start.h:33,
                 from /usr/include/stdio.h:27,
                 from configure:2622:
/usr/include/x86_64-linux-gnu/bits/unistd.h:221:1: note: declared here
  221 | __NTH (getwd (char *__buf))
      | ^~~~~
configure:2615: checking whether strsignal must be declared
configure:2653: gcc -c -g -O2  conftest.c 1>&5
configure:2682: checking whether getrlimit must be declared
configure:2724: gcc -c -g -O2  conftest.c 1>&5
configure:2682: checking whether setrlimit must be declared
configure:2724: gcc -c -g -O2  conftest.c 1>&5
configure:2751: checking for sys_siglist declaration in signal.h or unistd.h
configure:2768: gcc -c -g -O2  conftest.c 1>&5
configure: In function 'main':
configure:2764:13: warning: initialization discards 'const' qualifier from pointer target type [-Wdiscarded-qualifiers]
 2764 | char *msg = *(sys_siglist + 1);
      |             ^
configure:6324: checking assembler alignment features
configure:6397: checking assembler subsection support
configure:6735: checking whether to enable init_priority by default
